# JRE version: OpenJDK Runtime Environment (8.0_152-b01) (build 1.8.0_152-release-1343-b01)
# Java VM: OpenJDK 64-Bit Server VM (25.152-b01 mixed mode windows-amd64 compressed oops)
Heap:
 PSYoungGen      total 256512K, used 189208K [0x00000000e0000000, 0x00000000f2680000, 0x0000000100000000)
  eden space 221696K, 82% used [0x00000000e0000000,0x00000000eb1b93e0,0x00000000ed880000)
  from space 34816K, 20% used [0x00000000f0480000,0x00000000f0b8cc38,0x00000000f2680000)
  to   space 39936K, 0% used [0x00000000ed880000,0x00000000ed880000,0x00000000eff80000)
 ParOldGen       total 142336K, used 98093K [0x00000000a0000000, 0x00000000a8b00000, 0x00000000e0000000)
  object space 142336K, 68% used [0x00000000a0000000,0x00000000a5fcb570,0x00000000a8b00000)
 Metaspace       used 77961K, capacity 80751K, committed 81048K, reserved 1120256K
  class space    used 10397K, capacity 11049K, committed 11160K, reserved 1048576K
GC Heap History (10 events):
Event: 10.814 GC heap before
{Heap before GC invocations=15 (full 3):
 PSYoungGen      total 179200K, used 13041K [0x00000000e0000000, 0x00000000eca00000, 0x0000000100000000)
  eden space 164864K, 0% used [0x00000000e0000000,0x00000000e0000000,0x00000000ea100000)
  from space 14336K, 90% used [0x00000000eb080000,0x00000000ebd3c5c0,0x00000000ebe80000)
  to   space 15872K, 0% used [0x00000000ea100000,0x00000000ea100000,0x00000000eb080000)
 ParOldGen       total 93696K, used 25938K [0x00000000a0000000, 0x00000000a5b80000, 0x00000000e0000000)
  object space 93696K, 27% used [0x00000000a0000000,0x00000000a1954a58,0x00000000a5b80000)
 Metaspace       used 57579K, capacity 59083K, committed 59160K, reserved 1099776K
  class space    used 7755K, capacity 8163K, committed 8216K, reserved 1048576K
Event: 11.160 GC heap after
Heap after GC invocations=15 (full 3):
 PSYoungGen      total 179200K, used 0K [0x00000000e0000000, 0x00000000eca00000, 0x0000000100000000)
  eden space 164864K, 0% used [0x00000000e0000000,0x00000000e0000000,0x00000000ea100000)
  from space 14336K, 0% used [0x00000000eb080000,0x00000000eb080000,0x00000000ebe80000)
  to   space 15872K, 0% used [0x00000000ea100000,0x00000000ea100000,0x00000000eb080000)
 ParOldGen       total 142336K, used 34700K [0x00000000a0000000, 0x00000000a8b00000, 0x00000000e0000000)
  object space 142336K, 24% used [0x00000000a0000000,0x00000000a21e30d8,0x00000000a8b00000)
 Metaspace       used 57579K, capacity 59083K, committed 59160K, reserved 1099776K
  class space    used 7755K, capacity 8163K, committed 8216K, reserved 1048576K
}
Event: 13.595 GC heap before
{Heap before GC invocations=16 (full 3):
 PSYoungGen      total 179200K, used 164864K [0x00000000e0000000, 0x00000000eca00000, 0x0000000100000000)
  eden space 164864K, 100% used [0x00000000e0000000,0x00000000ea100000,0x00000000ea100000)
  from space 14336K, 0% used [0x00000000eb080000,0x00000000eb080000,0x00000000ebe80000)
  to   space 15872K, 0% used [0x00000000ea100000,0x00000000ea100000,0x00000000eb080000)
 ParOldGen       total 142336K, used 34700K [0x00000000a0000000, 0x00000000a8b00000, 0x00000000e0000000)
  object space 142336K, 24% used [0x00000000a0000000,0x00000000a21e30d8,0x00000000a8b00000)
 Metaspace       used 62840K, capacity 65115K, committed 65304K, reserved 1105920K
  class space    used 8573K, capacity 9122K, committed 9240K, reserved 1048576K
Event: 13.618 GC heap after
Heap after GC invocations=16 (full 3):
 PSYoungGen      total 180736K, used 15842K [0x00000000e0000000, 0x00000000edf00000, 0x0000000100000000)
  eden space 164864K, 0% used [0x00000000e0000000,0x00000000e0000000,0x00000000ea100000)
  from space 15872K, 99% used [0x00000000ea100000,0x00000000eb078b40,0x00000000eb080000)
  to   space 17920K, 0% used [0x00000000ecd80000,0x00000000ecd80000,0x00000000edf00000)
 ParOldGen       total 142336K, used 36149K [0x00000000a0000000, 0x00000000a8b00000, 0x00000000e0000000)
  object space 142336K, 25% used [0x00000000a0000000,0x00000000a234d660,0x00000000a8b00000)
 Metaspace       used 62840K, capacity 65115K, committed 65304K, reserved 1105920K
  class space    used 8573K, capacity 9122K, committed 9240K, reserved 1048576K
}
Event: 15.678 GC heap before
{Heap before GC invocations=17 (full 3):
 PSYoungGen      total 180736K, used 180706K [0x00000000e0000000, 0x00000000edf00000, 0x0000000100000000)
  eden space 164864K, 100% used [0x00000000e0000000,0x00000000ea100000,0x00000000ea100000)
  from space 15872K, 99% used [0x00000000ea100000,0x00000000eb078b40,0x00000000eb080000)
  to   space 17920K, 0% used [0x00000000ecd80000,0x00000000ecd80000,0x00000000edf00000)
 ParOldGen       total 142336K, used 36149K [0x00000000a0000000, 0x00000000a8b00000, 0x00000000e0000000)
  object space 142336K, 25% used [0x00000000a0000000,0x00000000a234d660,0x00000000a8b00000)
 Metaspace       used 66312K, capacity 68673K, committed 68760K, reserved 1107968K
  class space    used 9005K, capacity 9616K, committed 9624K, reserved 1048576K
Event: 15.720 GC heap after
Heap after GC invocations=17 (full 3):
 PSYoungGen      total 203776K, used 17896K [0x00000000e0000000, 0x00000000eed00000, 0x0000000100000000)
  eden space 185856K, 0% used [0x00000000e0000000,0x00000000e0000000,0x00000000eb580000)
  from space 17920K, 99% used [0x00000000ecd80000,0x00000000edefa0a0,0x00000000edf00000)
  to   space 24576K, 0% used [0x00000000eb580000,0x00000000eb580000,0x00000000ecd80000)
 ParOldGen       total 142336K, used 47841K [0x00000000a0000000, 0x00000000a8b00000, 0x00000000e0000000)
  object space 142336K, 33% used [0x00000000a0000000,0x00000000a2eb8450,0x00000000a8b00000)
 Metaspace       used 66312K, capacity 68673K, committed 68760K, reserved 1107968K
  class space    used 9005K, capacity 9616K, committed 9624K, reserved 1048576K
}
Event: 17.336 GC heap before
{Heap before GC invocations=18 (full 3):
 PSYoungGen      total 203776K, used 203752K [0x00000000e0000000, 0x00000000eed00000, 0x0000000100000000)
  eden space 185856K, 100% used [0x00000000e0000000,0x00000000eb580000,0x00000000eb580000)
  from space 17920K, 99% used [0x00000000ecd80000,0x00000000edefa0a0,0x00000000edf00000)
  to   space 24576K, 0% used [0x00000000eb580000,0x00000000eb580000,0x00000000ecd80000)
 ParOldGen       total 142336K, used 47841K [0x00000000a0000000, 0x00000000a8b00000, 0x00000000e0000000)
  object space 142336K, 33% used [0x00000000a0000000,0x00000000a2eb8450,0x00000000a8b00000)
 Metaspace       used 68904K, capacity 71229K, committed 71448K, reserved 1110016K
  class space    used 9299K, capacity 9886K, committed 10008K, reserved 1048576K
Event: 17.409 GC heap after
Heap after GC invocations=18 (full 3):
 PSYoungGen      total 210432K, used 24549K [0x00000000e0000000, 0x00000000f2c80000, 0x0000000100000000)
  eden space 185856K, 0% used [0x00000000e0000000,0x00000000e0000000,0x00000000eb580000)
  from space 24576K, 99% used [0x00000000eb580000,0x00000000ecd79788,0x00000000ecd80000)
  to   space 40960K, 0% used [0x00000000f0480000,0x00000000f0480000,0x00000000f2c80000)
 ParOldGen       total 142336K, used 81892K [0x00000000a0000000, 0x00000000a8b00000, 0x00000000e0000000)
  object space 142336K, 57% used [0x00000000a0000000,0x00000000a4ff9240,0x00000000a8b00000)
 Metaspace       used 68904K, capacity 71229K, committed 71448K, reserved 1110016K
  class space    used 9299K, capacity 9886K, committed 10008K, reserved 1048576K
}
Event: 21.422 GC heap before
{Heap before GC invocations=19 (full 3):
 PSYoungGen      total 210432K, used 210405K [0x00000000e0000000, 0x00000000f2c80000, 0x0000000100000000)
  eden space 185856K, 100% used [0x00000000e0000000,0x00000000eb580000,0x00000000eb580000)
  from space 24576K, 99% used [0x00000000eb580000,0x00000000ecd79788,0x00000000ecd80000)
  to   space 40960K, 0% used [0x00000000f0480000,0x00000000f0480000,0x00000000f2c80000)
 ParOldGen       total 142336K, used 81892K [0x00000000a0000000, 0x00000000a8b00000, 0x00000000e0000000)
  object space 142336K, 57% used [0x00000000a0000000,0x00000000a4ff9240,0x00000000a8b00000)
 Metaspace       used 70026K, capacity 72293K, committed 72472K, reserved 1112064K
  class space    used 9406K, capacity 9958K, committed 10008K, reserved 1048576K
Event: 21.458 GC heap after
Heap after GC invocations=19 (full 3):
 PSYoungGen      total 256512K, used 7219K [0x00000000e0000000, 0x00000000f2680000, 0x0000000100000000)
  eden space 221696K, 0% used [0x00000000e0000000,0x00000000e0000000,0x00000000ed880000)
  from space 34816K, 20% used [0x00000000f0480000,0x00000000f0b8cc38,0x00000000f2680000)
  to   space 39936K, 0% used [0x00000000ed880000,0x00000000ed880000,0x00000000eff80000)
 ParOldGen       total 142336K, used 98093K [0x00000000a0000000, 0x00000000a8b00000, 0x00000000e0000000)
  object space 142336K, 68% used [0x00000000a0000000,0x00000000a5fcb570,0x00000000a8b00000)
 Metaspace       used 70026K, capacity 72293K, committed 72472K, reserved 1112064K
  class space    used 9406K, capacity 9958K, committed 10008K, reserved 1048576K
}

