# JRE version: OpenJDK Runtime Environment (8.0_152-b01) (build 1.8.0_152-release-1343-b01)
# Java VM: OpenJDK 64-Bit Server VM (25.152-b01 mixed mode windows-amd64 compressed oops)
Heap:
 PSYoungGen      total 414720K, used 414712K [0x00000000e0000000, 0x0000000100000000, 0x0000000100000000)
  eden space 336896K, 100% used [0x00000000e0000000,0x00000000f4900000,0x00000000f4900000)
  from space 77824K, 99% used [0x00000000f4900000,0x00000000f94fe3d0,0x00000000f9500000)
  to   space 95232K, 68% used [0x00000000fa300000,0x00000000fe2ed650,0x0000000100000000)
 ParOldGen       total 239104K, used 116728K [0x00000000a0000000, 0x00000000ae980000, 0x00000000e0000000)
  object space 239104K, 48% used [0x00000000a0000000,0x00000000a71fe2f8,0x00000000ae980000)
 Metaspace       used 102554K, capacity 108319K, committed 108440K, reserved 1144832K
  class space    used 12864K, capacity 13935K, committed 13976K, reserved 1048576K
GC Heap History (10 events):
Event: 4152.390 GC heap after
Heap after GC invocations=59 (full 4):
 PSYoungGen      total 353792K, used 66043K [0x00000000e0000000, 0x00000000fcd00000, 0x0000000100000000)
  eden space 287744K, 0% used [0x00000000e0000000,0x00000000e0000000,0x00000000f1900000)
  from space 66048K, 99% used [0x00000000f1900000,0x00000000f597ec80,0x00000000f5980000)
  to   space 77824K, 0% used [0x00000000f8100000,0x00000000f8100000,0x00000000fcd00000)
 ParOldGen       total 239104K, used 96981K [0x00000000a0000000, 0x00000000ae980000, 0x00000000e0000000)
  object space 239104K, 40% used [0x00000000a0000000,0x00000000a5eb5648,0x00000000ae980000)
 Metaspace       used 102241K, capacity 107925K, committed 108184K, reserved 1142784K
  class space    used 12857K, capacity 13926K, committed 13976K, reserved 1048576K
}
Event: 4156.253 GC heap before
{Heap before GC invocations=60 (full 4):
 PSYoungGen      total 353792K, used 353787K [0x00000000e0000000, 0x00000000fcd00000, 0x0000000100000000)
  eden space 287744K, 100% used [0x00000000e0000000,0x00000000f1900000,0x00000000f1900000)
  from space 66048K, 99% used [0x00000000f1900000,0x00000000f597ec80,0x00000000f5980000)
  to   space 77824K, 0% used [0x00000000f8100000,0x00000000f8100000,0x00000000fcd00000)
 ParOldGen       total 239104K, used 96981K [0x00000000a0000000, 0x00000000ae980000, 0x00000000e0000000)
  object space 239104K, 40% used [0x00000000a0000000,0x00000000a5eb5648,0x00000000ae980000)
 Metaspace       used 102264K, capacity 107925K, committed 108184K, reserved 1142784K
  class space    used 12858K, capacity 13926K, committed 13976K, reserved 1048576K
Event: 4156.362 GC heap after
Heap after GC invocations=60 (full 4):
 PSYoungGen      total 387072K, used 65435K [0x00000000e0000000, 0x00000000fdd00000, 0x0000000100000000)
  eden space 309248K, 0% used [0x00000000e0000000,0x00000000e0000000,0x00000000f2e00000)
  from space 77824K, 84% used [0x00000000f8100000,0x00000000fc0e6f70,0x00000000fcd00000)
  to   space 84992K, 0% used [0x00000000f2e00000,0x00000000f2e00000,0x00000000f8100000)
 ParOldGen       total 239104K, used 97245K [0x00000000a0000000, 0x00000000ae980000, 0x00000000e0000000)
  object space 239104K, 40% used [0x00000000a0000000,0x00000000a5ef7648,0x00000000ae980000)
 Metaspace       used 102264K, capacity 107925K, committed 108184K, reserved 1142784K
  class space    used 12858K, capacity 13926K, committed 13976K, reserved 1048576K
}
Event: 6476.284 GC heap before
{Heap before GC invocations=61 (full 4):
 PSYoungGen      total 387072K, used 374683K [0x00000000e0000000, 0x00000000fdd00000, 0x0000000100000000)
  eden space 309248K, 100% used [0x00000000e0000000,0x00000000f2e00000,0x00000000f2e00000)
  from space 77824K, 84% used [0x00000000f8100000,0x00000000fc0e6f70,0x00000000fcd00000)
  to   space 84992K, 0% used [0x00000000f2e00000,0x00000000f2e00000,0x00000000f8100000)
 ParOldGen       total 239104K, used 97245K [0x00000000a0000000, 0x00000000ae980000, 0x00000000e0000000)
  object space 239104K, 40% used [0x00000000a0000000,0x00000000a5ef7648,0x00000000ae980000)
 Metaspace       used 102374K, capacity 108087K, committed 108184K, reserved 1142784K
  class space    used 12861K, capacity 13931K, committed 13976K, reserved 1048576K
Event: 6476.472 GC heap after
Heap after GC invocations=61 (full 4):
 PSYoungGen      total 394240K, used 40543K [0x00000000e0000000, 0x00000000fe780000, 0x0000000100000000)
  eden space 309248K, 0% used [0x00000000e0000000,0x00000000e0000000,0x00000000f2e00000)
  from space 84992K, 47% used [0x00000000f2e00000,0x00000000f5597e50,0x00000000f8100000)
  to   space 81408K, 0% used [0x00000000f9800000,0x00000000f9800000,0x00000000fe780000)
 ParOldGen       total 239104K, used 97285K [0x00000000a0000000, 0x00000000ae980000, 0x00000000e0000000)
  object space 239104K, 40% used [0x00000000a0000000,0x00000000a5f01648,0x00000000ae980000)
 Metaspace       used 102374K, capacity 108087K, committed 108184K, reserved 1142784K
  class space    used 12861K, capacity 13931K, committed 13976K, reserved 1048576K
}
Event: 6480.786 GC heap before
{Heap before GC invocations=62 (full 4):
 PSYoungGen      total 394240K, used 349791K [0x00000000e0000000, 0x00000000fe780000, 0x0000000100000000)
  eden space 309248K, 100% used [0x00000000e0000000,0x00000000f2e00000,0x00000000f2e00000)
  from space 84992K, 47% used [0x00000000f2e00000,0x00000000f5597e50,0x00000000f8100000)
  to   space 81408K, 0% used [0x00000000f9800000,0x00000000f9800000,0x00000000fe780000)
 ParOldGen       total 239104K, used 97285K [0x00000000a0000000, 0x00000000ae980000, 0x00000000e0000000)
  object space 239104K, 40% used [0x00000000a0000000,0x00000000a5f01648,0x00000000ae980000)
 Metaspace       used 102402K, capacity 108099K, committed 108184K, reserved 1142784K
  class space    used 12862K, capacity 13933K, committed 13976K, reserved 1048576K
Event: 6480.854 GC heap after
Heap after GC invocations=62 (full 4):
 PSYoungGen      total 411648K, used 38601K [0x00000000e0000000, 0x00000000fe100000, 0x0000000100000000)
  eden space 336896K, 0% used [0x00000000e0000000,0x00000000e0000000,0x00000000f4900000)
  from space 74752K, 51% used [0x00000000f9800000,0x00000000fbdb2798,0x00000000fe100000)
  to   space 77824K, 0% used [0x00000000f4900000,0x00000000f4900000,0x00000000f9500000)
 ParOldGen       total 239104K, used 97285K [0x00000000a0000000, 0x00000000ae980000, 0x00000000e0000000)
  object space 239104K, 40% used [0x00000000a0000000,0x00000000a5f01648,0x00000000ae980000)
 Metaspace       used 102402K, capacity 108099K, committed 108184K, reserved 1142784K
  class space    used 12862K, capacity 13933K, committed 13976K, reserved 1048576K
}
Event: 6484.516 GC heap before
{Heap before GC invocations=63 (full 4):
 PSYoungGen      total 411648K, used 375497K [0x00000000e0000000, 0x00000000fe100000, 0x0000000100000000)
  eden space 336896K, 100% used [0x00000000e0000000,0x00000000f4900000,0x00000000f4900000)
  from space 74752K, 51% used [0x00000000f9800000,0x00000000fbdb2798,0x00000000fe100000)
  to   space 77824K, 0% used [0x00000000f4900000,0x00000000f4900000,0x00000000f9500000)
 ParOldGen       total 239104K, used 97285K [0x00000000a0000000, 0x00000000ae980000, 0x00000000e0000000)
  object space 239104K, 40% used [0x00000000a0000000,0x00000000a5f01648,0x00000000ae980000)
 Metaspace       used 102414K, capacity 108099K, committed 108184K, reserved 1142784K
  class space    used 12862K, capacity 13933K, committed 13976K, reserved 1048576K
Event: 6484.685 GC heap after
Heap after GC invocations=63 (full 4):
 PSYoungGen      total 414720K, used 77816K [0x00000000e0000000, 0x0000000100000000, 0x0000000100000000)
  eden space 336896K, 0% used [0x00000000e0000000,0x00000000e0000000,0x00000000f4900000)
  from space 77824K, 99% used [0x00000000f4900000,0x00000000f94fe3d0,0x00000000f9500000)
  to   space 95232K, 0% used [0x00000000fa300000,0x00000000fa300000,0x0000000100000000)
 ParOldGen       total 239104K, used 115224K [0x00000000a0000000, 0x00000000ae980000, 0x00000000e0000000)
  object space 239104K, 48% used [0x00000000a0000000,0x00000000a70862a8,0x00000000ae980000)
 Metaspace       used 102414K, capacity 108099K, committed 108184K, reserved 1142784K
  class space    used 12862K, capacity 13933K, committed 13976K, reserved 1048576K
}
Event: 6487.676 GC heap before
{Heap before GC invocations=64 (full 4):
 PSYoungGen      total 414720K, used 414712K [0x00000000e0000000, 0x0000000100000000, 0x0000000100000000)
  eden space 336896K, 100% used [0x00000000e0000000,0x00000000f4900000,0x00000000f4900000)
  from space 77824K, 99% used [0x00000000f4900000,0x00000000f94fe3d0,0x00000000f9500000)
  to   space 95232K, 0% used [0x00000000fa300000,0x00000000fa300000,0x0000000100000000)
 ParOldGen       total 239104K, used 115224K [0x00000000a0000000, 0x00000000ae980000, 0x00000000e0000000)
  object space 239104K, 48% used [0x00000000a0000000,0x00000000a70862a8,0x00000000ae980000)
 Metaspace       used 102554K, capacity 108319K, committed 108440K, reserved 1144832K
  class space    used 12864K, capacity 13935K, committed 13976K, reserved 1048576K

