# JRE version: OpenJDK Runtime Environment (8.0_152-b01) (build 1.8.0_152-release-1343-b01)
# Java VM: OpenJDK 64-Bit Server VM (25.152-b01 mixed mode windows-amd64 compressed oops)
Heap:
 PSYoungGen      total 393728K, used 393614K [0x00000000e0000000, 0x0000000100000000, 0x0000000100000000)
  eden space 317440K, 100% used [0x00000000e0000000,0x00000000f3600000,0x00000000f3600000)
  from space 76288K, 99% used [0x00000000f3600000,0x00000000f8063b58,0x00000000f8080000)
  to   space 104448K, 50% used [0x00000000f9a00000,0x00000000fcddf9e0,0x0000000100000000)
 ParOldGen       total 244736K, used 200757K [0x00000000a0000000, 0x00000000aef00000, 0x00000000e0000000)
  object space 244736K, 82% used [0x00000000a0000000,0x00000000ac4115c0,0x00000000aef00000)
 Metaspace       used 104478K, capacity 112466K, committed 112552K, reserved 1146880K
  class space    used 13103K, capacity 14458K, committed 14504K, reserved 1048576K
GC Heap History (10 events):
Event: 8717.881 GC heap after
Heap after GC invocations=67 (full 4):
 PSYoungGen      total 437248K, used 87034K [0x00000000e0000000, 0x0000000100000000, 0x0000000100000000)
  eden space 350208K, 0% used [0x00000000e0000000,0x00000000e0000000,0x00000000f5600000)
  from space 87040K, 99% used [0x00000000f5600000,0x00000000faafe848,0x00000000fab00000)
  to   space 87040K, 0% used [0x00000000fab00000,0x00000000fab00000,0x0000000100000000)
 ParOldGen       total 244736K, used 180321K [0x00000000a0000000, 0x00000000aef00000, 0x00000000e0000000)
  object space 244736K, 73% used [0x00000000a0000000,0x00000000ab018500,0x00000000aef00000)
 Metaspace       used 104305K, capacity 112330K, committed 112552K, reserved 1146880K
  class space    used 13102K, capacity 14458K, committed 14504K, reserved 1048576K
}
Event: 8821.379 GC heap before
{Heap before GC invocations=68 (full 4):
 PSYoungGen      total 437248K, used 437242K [0x00000000e0000000, 0x0000000100000000, 0x0000000100000000)
  eden space 350208K, 100% used [0x00000000e0000000,0x00000000f5600000,0x00000000f5600000)
  from space 87040K, 99% used [0x00000000f5600000,0x00000000faafe848,0x00000000fab00000)
  to   space 87040K, 0% used [0x00000000fab00000,0x00000000fab00000,0x0000000100000000)
 ParOldGen       total 244736K, used 180321K [0x00000000a0000000, 0x00000000aef00000, 0x00000000e0000000)
  object space 244736K, 73% used [0x00000000a0000000,0x00000000ab018500,0x00000000aef00000)
 Metaspace       used 104354K, capacity 112394K, committed 112552K, reserved 1146880K
  class space    used 13102K, capacity 14458K, committed 14504K, reserved 1048576K
Event: 8821.454 GC heap after
Heap after GC invocations=68 (full 4):
 PSYoungGen      total 411648K, used 74238K [0x00000000e0000000, 0x0000000100000000, 0x0000000100000000)
  eden space 324608K, 0% used [0x00000000e0000000,0x00000000e0000000,0x00000000f3d00000)
  from space 87040K, 85% used [0x00000000fab00000,0x00000000ff37fb28,0x0000000100000000)
  to   space 99840K, 0% used [0x00000000f3d00000,0x00000000f3d00000,0x00000000f9e80000)
 ParOldGen       total 244736K, used 180353K [0x00000000a0000000, 0x00000000aef00000, 0x00000000e0000000)
  object space 244736K, 73% used [0x00000000a0000000,0x00000000ab020500,0x00000000aef00000)
 Metaspace       used 104354K, capacity 112394K, committed 112552K, reserved 1146880K
  class space    used 13102K, capacity 14458K, committed 14504K, reserved 1048576K
}
Event: 8824.904 GC heap before
{Heap before GC invocations=69 (full 4):
 PSYoungGen      total 411648K, used 398275K [0x00000000e0000000, 0x0000000100000000, 0x0000000100000000)
  eden space 324608K, 99% used [0x00000000e0000000,0x00000000f3c71300,0x00000000f3d00000)
  from space 87040K, 85% used [0x00000000fab00000,0x00000000ff37fb28,0x0000000100000000)
  to   space 99840K, 0% used [0x00000000f3d00000,0x00000000f3d00000,0x00000000f9e80000)
 ParOldGen       total 244736K, used 180353K [0x00000000a0000000, 0x00000000aef00000, 0x00000000e0000000)
  object space 244736K, 73% used [0x00000000a0000000,0x00000000ab020500,0x00000000aef00000)
 Metaspace       used 104364K, capacity 112398K, committed 112552K, reserved 1146880K
  class space    used 13103K, capacity 14458K, committed 14504K, reserved 1048576K
Event: 8824.974 GC heap after
Heap after GC invocations=69 (full 4):
 PSYoungGen      total 400384K, used 75412K [0x00000000e0000000, 0x0000000100000000, 0x0000000100000000)
  eden space 324608K, 0% used [0x00000000e0000000,0x00000000e0000000,0x00000000f3d00000)
  from space 75776K, 99% used [0x00000000f3d00000,0x00000000f86a53b8,0x00000000f8700000)
  to   space 101888K, 0% used [0x00000000f9c80000,0x00000000f9c80000,0x0000000100000000)
 ParOldGen       total 244736K, used 180353K [0x00000000a0000000, 0x00000000aef00000, 0x00000000e0000000)
  object space 244736K, 73% used [0x00000000a0000000,0x00000000ab020500,0x00000000aef00000)
 Metaspace       used 104364K, capacity 112398K, committed 112552K, reserved 1146880K
  class space    used 13103K, capacity 14458K, committed 14504K, reserved 1048576K
}
Event: 9043.569 GC heap before
{Heap before GC invocations=70 (full 4):
 PSYoungGen      total 400384K, used 400020K [0x00000000e0000000, 0x0000000100000000, 0x0000000100000000)
  eden space 324608K, 100% used [0x00000000e0000000,0x00000000f3d00000,0x00000000f3d00000)
  from space 75776K, 99% used [0x00000000f3d00000,0x00000000f86a53b8,0x00000000f8700000)
  to   space 101888K, 0% used [0x00000000f9c80000,0x00000000f9c80000,0x0000000100000000)
 ParOldGen       total 244736K, used 180353K [0x00000000a0000000, 0x00000000aef00000, 0x00000000e0000000)
  object space 244736K, 73% used [0x00000000a0000000,0x00000000ab020500,0x00000000aef00000)
 Metaspace       used 104413K, capacity 112462K, committed 112552K, reserved 1146880K
  class space    used 13103K, capacity 14458K, committed 14504K, reserved 1048576K
Event: 9043.652 GC heap after
Heap after GC invocations=70 (full 4):
 PSYoungGen      total 419328K, used 74943K [0x00000000e0000000, 0x0000000100000000, 0x0000000100000000)
  eden space 317440K, 0% used [0x00000000e0000000,0x00000000e0000000,0x00000000f3600000)
  from space 101888K, 73% used [0x00000000f9c80000,0x00000000fe5afc30,0x0000000100000000)
  to   space 103424K, 0% used [0x00000000f3600000,0x00000000f3600000,0x00000000f9b00000)
 ParOldGen       total 244736K, used 180393K [0x00000000a0000000, 0x00000000aef00000, 0x00000000e0000000)
  object space 244736K, 73% used [0x00000000a0000000,0x00000000ab02a500,0x00000000aef00000)
 Metaspace       used 104413K, capacity 112462K, committed 112552K, reserved 1146880K
  class space    used 13103K, capacity 14458K, committed 14504K, reserved 1048576K
}
Event: 9047.198 GC heap before
{Heap before GC invocations=71 (full 4):
 PSYoungGen      total 419328K, used 392383K [0x00000000e0000000, 0x0000000100000000, 0x0000000100000000)
  eden space 317440K, 100% used [0x00000000e0000000,0x00000000f3600000,0x00000000f3600000)
  from space 101888K, 73% used [0x00000000f9c80000,0x00000000fe5afc30,0x0000000100000000)
  to   space 103424K, 0% used [0x00000000f3600000,0x00000000f3600000,0x00000000f9b00000)
 ParOldGen       total 244736K, used 180393K [0x00000000a0000000, 0x00000000aef00000, 0x00000000e0000000)
  object space 244736K, 73% used [0x00000000a0000000,0x00000000ab02a500,0x00000000aef00000)
 Metaspace       used 104424K, capacity 112462K, committed 112552K, reserved 1146880K
  class space    used 13103K, capacity 14458K, committed 14504K, reserved 1048576K
Event: 9047.269 GC heap after
Heap after GC invocations=71 (full 4):
 PSYoungGen      total 393728K, used 76174K [0x00000000e0000000, 0x0000000100000000, 0x0000000100000000)
  eden space 317440K, 0% used [0x00000000e0000000,0x00000000e0000000,0x00000000f3600000)
  from space 76288K, 99% used [0x00000000f3600000,0x00000000f8063b58,0x00000000f8080000)
  to   space 104448K, 0% used [0x00000000f9a00000,0x00000000f9a00000,0x0000000100000000)
 ParOldGen       total 244736K, used 180425K [0x00000000a0000000, 0x00000000aef00000, 0x00000000e0000000)
  object space 244736K, 73% used [0x00000000a0000000,0x00000000ab032500,0x00000000aef00000)
 Metaspace       used 104424K, capacity 112462K, committed 112552K, reserved 1146880K
  class space    used 13103K, capacity 14458K, committed 14504K, reserved 1048576K
}
Event: 9274.482 GC heap before
{Heap before GC invocations=72 (full 4):
 PSYoungGen      total 393728K, used 393614K [0x00000000e0000000, 0x0000000100000000, 0x0000000100000000)
  eden space 317440K, 100% used [0x00000000e0000000,0x00000000f3600000,0x00000000f3600000)
  from space 76288K, 99% used [0x00000000f3600000,0x00000000f8063b58,0x00000000f8080000)
  to   space 104448K, 0% used [0x00000000f9a00000,0x00000000f9a00000,0x0000000100000000)
 ParOldGen       total 244736K, used 180425K [0x00000000a0000000, 0x00000000aef00000, 0x00000000e0000000)
  object space 244736K, 73% used [0x00000000a0000000,0x00000000ab032500,0x00000000aef00000)
 Metaspace       used 104478K, capacity 112466K, committed 112552K, reserved 1146880K
  class space    used 13103K, capacity 14458K, committed 14504K, reserved 1048576K

