# JRE version: OpenJDK Runtime Environment (8.0_152-b01) (build 1.8.0_152-release-1343-b01)
# Java VM: OpenJDK 64-Bit Server VM (25.152-b01 mixed mode windows-amd64 compressed oops)
Heap:
 PSYoungGen      total 184832K, used 12084K [0x00000000e0000000, 0x00000000ed000000, 0x0000000100000000)
  eden space 169984K, 0% used [0x00000000e0000000,0x00000000e0000000,0x00000000ea600000)
  from space 14848K, 81% used [0x00000000eb500000,0x00000000ec0cd178,0x00000000ec380000)
  to   space 15360K, 0% used [0x00000000ea600000,0x00000000ea600000,0x00000000eb500000)
 ParOldGen       total 91136K, used 26480K [0x00000000a0000000, 0x00000000a5900000, 0x00000000e0000000)
  object space 91136K, 29% used [0x00000000a0000000,0x00000000a19dc238,0x00000000a5900000)
 Metaspace       used 57579K, capacity 59084K, committed 59160K, reserved 1099776K
  class space    used 7756K, capacity 8163K, committed 8232K, reserved 1048576K
GC Heap History (10 events):
Event: 5.873 GC heap after
Heap after GC invocations=10 (full 1):
 PSYoungGen      total 117248K, used 10722K [0x00000000e0000000, 0x00000000ea480000, 0x0000000100000000)
  eden space 106496K, 0% used [0x00000000e0000000,0x00000000e0000000,0x00000000e6800000)
  from space 10752K, 99% used [0x00000000e6800000,0x00000000e7278ad8,0x00000000e7280000)
  to   space 12288K, 0% used [0x00000000e9880000,0x00000000e9880000,0x00000000ea480000)
 ParOldGen       total 58368K, used 7986K [0x00000000a0000000, 0x00000000a3900000, 0x00000000e0000000)
  object space 58368K, 13% used [0x00000000a0000000,0x00000000a07cc890,0x00000000a3900000)
 Metaspace       used 34766K, capacity 35454K, committed 35496K, reserved 1079296K
  class space    used 4800K, capacity 4999K, committed 5032K, reserved 1048576K
}
Event: 5.873 GC heap before
{Heap before GC invocations=11 (full 2):
 PSYoungGen      total 117248K, used 10722K [0x00000000e0000000, 0x00000000ea480000, 0x0000000100000000)
  eden space 106496K, 0% used [0x00000000e0000000,0x00000000e0000000,0x00000000e6800000)
  from space 10752K, 99% used [0x00000000e6800000,0x00000000e7278ad8,0x00000000e7280000)
  to   space 12288K, 0% used [0x00000000e9880000,0x00000000e9880000,0x00000000ea480000)
 ParOldGen       total 58368K, used 7986K [0x00000000a0000000, 0x00000000a3900000, 0x00000000e0000000)
  object space 58368K, 13% used [0x00000000a0000000,0x00000000a07cc890,0x00000000a3900000)
 Metaspace       used 34766K, capacity 35454K, committed 35496K, reserved 1079296K
  class space    used 4800K, capacity 4999K, committed 5032K, reserved 1048576K
Event: 5.962 GC heap after
Heap after GC invocations=11 (full 2):
 PSYoungGen      total 117248K, used 0K [0x00000000e0000000, 0x00000000ea480000, 0x0000000100000000)
  eden space 106496K, 0% used [0x00000000e0000000,0x00000000e0000000,0x00000000e6800000)
  from space 10752K, 0% used [0x00000000e6800000,0x00000000e6800000,0x00000000e7280000)
  to   space 12288K, 0% used [0x00000000e9880000,0x00000000e9880000,0x00000000ea480000)
 ParOldGen       total 91136K, used 17856K [0x00000000a0000000, 0x00000000a5900000, 0x00000000e0000000)
  object space 91136K, 19% used [0x00000000a0000000,0x00000000a1170308,0x00000000a5900000)
 Metaspace       used 34763K, capacity 35442K, committed 35496K, reserved 1079296K
  class space    used 4799K, capacity 4997K, committed 5032K, reserved 1048576K
}
Event: 7.636 GC heap before
{Heap before GC invocations=12 (full 2):
 PSYoungGen      total 117248K, used 106496K [0x00000000e0000000, 0x00000000ea480000, 0x0000000100000000)
  eden space 106496K, 100% used [0x00000000e0000000,0x00000000e6800000,0x00000000e6800000)
  from space 10752K, 0% used [0x00000000e6800000,0x00000000e6800000,0x00000000e7280000)
  to   space 12288K, 0% used [0x00000000e9880000,0x00000000e9880000,0x00000000ea480000)
 ParOldGen       total 91136K, used 17856K [0x00000000a0000000, 0x00000000a5900000, 0x00000000e0000000)
  object space 91136K, 19% used [0x00000000a0000000,0x00000000a1170308,0x00000000a5900000)
 Metaspace       used 44579K, capacity 45604K, committed 45736K, reserved 1089536K
  class space    used 5990K, capacity 6257K, committed 6312K, reserved 1048576K
Event: 7.653 GC heap after
Heap after GC invocations=12 (full 2):
 PSYoungGen      total 147968K, used 12276K [0x00000000e0000000, 0x00000000ea480000, 0x0000000100000000)
  eden space 135680K, 0% used [0x00000000e0000000,0x00000000e0000000,0x00000000e8480000)
  from space 12288K, 99% used [0x00000000e9880000,0x00000000ea47d390,0x00000000ea480000)
  to   space 13824K, 0% used [0x00000000e8980000,0x00000000e8980000,0x00000000e9700000)
 ParOldGen       total 91136K, used 19440K [0x00000000a0000000, 0x00000000a5900000, 0x00000000e0000000)
  object space 91136K, 21% used [0x00000000a0000000,0x00000000a12fc3f0,0x00000000a5900000)
 Metaspace       used 44579K, capacity 45604K, committed 45736K, reserved 1089536K
  class space    used 5990K, capacity 6257K, committed 6312K, reserved 1048576K
}
Event: 9.570 GC heap before
{Heap before GC invocations=13 (full 2):
 PSYoungGen      total 147968K, used 147956K [0x00000000e0000000, 0x00000000ea480000, 0x0000000100000000)
  eden space 135680K, 100% used [0x00000000e0000000,0x00000000e8480000,0x00000000e8480000)
  from space 12288K, 99% used [0x00000000e9880000,0x00000000ea47d390,0x00000000ea480000)
  to   space 13824K, 0% used [0x00000000e8980000,0x00000000e8980000,0x00000000e9700000)
 ParOldGen       total 91136K, used 19440K [0x00000000a0000000, 0x00000000a5900000, 0x00000000e0000000)
  object space 91136K, 21% used [0x00000000a0000000,0x00000000a12fc3f0,0x00000000a5900000)
 Metaspace       used 53298K, capacity 54572K, committed 54696K, reserved 1095680K
  class space    used 7131K, capacity 7499K, committed 7592K, reserved 1048576K
Event: 9.590 GC heap after
Heap after GC invocations=13 (full 2):
 PSYoungGen      total 154624K, used 11360K [0x00000000e0000000, 0x00000000ec380000, 0x0000000100000000)
  eden space 140800K, 0% used [0x00000000e0000000,0x00000000e0000000,0x00000000e8980000)
  from space 13824K, 82% used [0x00000000e8980000,0x00000000e94982a0,0x00000000e9700000)
  to   space 14848K, 0% used [0x00000000eb500000,0x00000000eb500000,0x00000000ec380000)
 ParOldGen       total 91136K, used 26472K [0x00000000a0000000, 0x00000000a5900000, 0x00000000e0000000)
  object space 91136K, 29% used [0x00000000a0000000,0x00000000a19da238,0x00000000a5900000)
 Metaspace       used 53298K, capacity 54572K, committed 54696K, reserved 1095680K
  class space    used 7131K, capacity 7499K, committed 7592K, reserved 1048576K
}
Event: 10.208 GC heap before
{Heap before GC invocations=14 (full 2):
 PSYoungGen      total 154624K, used 64354K [0x00000000e0000000, 0x00000000ec380000, 0x0000000100000000)
  eden space 140800K, 37% used [0x00000000e0000000,0x00000000e33c0670,0x00000000e8980000)
  from space 13824K, 82% used [0x00000000e8980000,0x00000000e94982a0,0x00000000e9700000)
  to   space 14848K, 0% used [0x00000000eb500000,0x00000000eb500000,0x00000000ec380000)
 ParOldGen       total 91136K, used 26472K [0x00000000a0000000, 0x00000000a5900000, 0x00000000e0000000)
  object space 91136K, 29% used [0x00000000a0000000,0x00000000a19da238,0x00000000a5900000)
 Metaspace       used 57579K, capacity 59084K, committed 59160K, reserved 1099776K
  class space    used 7756K, capacity 8163K, committed 8232K, reserved 1048576K
Event: 10.234 GC heap after
Heap after GC invocations=14 (full 2):
 PSYoungGen      total 184832K, used 12084K [0x00000000e0000000, 0x00000000ed000000, 0x0000000100000000)
  eden space 169984K, 0% used [0x00000000e0000000,0x00000000e0000000,0x00000000ea600000)
  from space 14848K, 81% used [0x00000000eb500000,0x00000000ec0cd178,0x00000000ec380000)
  to   space 15360K, 0% used [0x00000000ea600000,0x00000000ea600000,0x00000000eb500000)
 ParOldGen       total 91136K, used 26480K [0x00000000a0000000, 0x00000000a5900000, 0x00000000e0000000)
  object space 91136K, 29% used [0x00000000a0000000,0x00000000a19dc238,0x00000000a5900000)
 Metaspace       used 57579K, capacity 59084K, committed 59160K, reserved 1099776K
  class space    used 7756K, capacity 8163K, committed 8232K, reserved 1048576K
}
Event: 10.234 GC heap before
{Heap before GC invocations=15 (full 3):
 PSYoungGen      total 184832K, used 12084K [0x00000000e0000000, 0x00000000ed000000, 0x0000000100000000)
  eden space 169984K, 0% used [0x00000000e0000000,0x00000000e0000000,0x00000000ea600000)
  from space 14848K, 81% used [0x00000000eb500000,0x00000000ec0cd178,0x00000000ec380000)
  to   space 15360K, 0% used [0x00000000ea600000,0x00000000ea600000,0x00000000eb500000)
 ParOldGen       total 91136K, used 26480K [0x00000000a0000000, 0x00000000a5900000, 0x00000000e0000000)
  object space 91136K, 29% used [0x00000000a0000000,0x00000000a19dc238,0x00000000a5900000)
 Metaspace       used 57579K, capacity 59084K, committed 59160K, reserved 1099776K
  class space    used 7756K, capacity 8163K, committed 8232K, reserved 1048576K

