# JRE version: OpenJDK Runtime Environment (8.0_152-b01) (build 1.8.0_152-release-1343-b01)
# Java VM: OpenJDK 64-Bit Server VM (25.152-b01 mixed mode windows-amd64 compressed oops)
Heap:
 PSYoungGen      total 444928K, used 79348K [0x00000000e0000000, 0x0000000100000000, 0x0000000100000000)
  eden space 365568K, 0% used [0x00000000e0000000,0x00000000e0000000,0x00000000f6500000)
  from space 79360K, 99% used [0x00000000f6500000,0x00000000fb27d050,0x00000000fb280000)
  to   space 79360K, 0% used [0x00000000fb280000,0x00000000fb280000,0x0000000100000000)
 ParOldGen       total 402432K, used 402050K [0x00000000a0000000, 0x00000000b8900000, 0x00000000e0000000)
  object space 402432K, 99% used [0x00000000a0000000,0x00000000b88a0bc0,0x00000000b8900000)
 Metaspace       used 108265K, capacity 116312K, committed 116376K, reserved 1150976K
  class space    used 13368K, capacity 14729K, committed 14760K, reserved 1048576K
GC Heap History (10 events):
Event: 19930.760 GC heap after
Heap after GC invocations=152 (full 7):
 PSYoungGen      total 461824K, used 56304K [0x00000000e0000000, 0x0000000100000000, 0x0000000100000000)
  eden space 405504K, 0% used [0x00000000e0000000,0x00000000e0000000,0x00000000f8c00000)
  from space 56320K, 99% used [0x00000000f8c00000,0x00000000fc2fc150,0x00000000fc300000)
  to   space 62464K, 0% used [0x00000000fc300000,0x00000000fc300000,0x0000000100000000)
 ParOldGen       total 373760K, used 336117K [0x00000000a0000000, 0x00000000b6d00000, 0x00000000e0000000)
  object space 373760K, 89% used [0x00000000a0000000,0x00000000b483d650,0x00000000b6d00000)
 Metaspace       used 108088K, capacity 116056K, committed 116120K, reserved 1150976K
  class space    used 13350K, capacity 14697K, committed 14760K, reserved 1048576K
}
Event: 20030.807 GC heap before
{Heap before GC invocations=153 (full 7):
 PSYoungGen      total 461824K, used 461808K [0x00000000e0000000, 0x0000000100000000, 0x0000000100000000)
  eden space 405504K, 100% used [0x00000000e0000000,0x00000000f8c00000,0x00000000f8c00000)
  from space 56320K, 99% used [0x00000000f8c00000,0x00000000fc2fc150,0x00000000fc300000)
  to   space 62464K, 0% used [0x00000000fc300000,0x00000000fc300000,0x0000000100000000)
 ParOldGen       total 373760K, used 336117K [0x00000000a0000000, 0x00000000b6d00000, 0x00000000e0000000)
  object space 373760K, 89% used [0x00000000a0000000,0x00000000b483d650,0x00000000b6d00000)
 Metaspace       used 108122K, capacity 116086K, committed 116376K, reserved 1150976K
  class space    used 13353K, capacity 14702K, committed 14760K, reserved 1048576K
Event: 20030.868 GC heap after
Heap after GC invocations=153 (full 7):
 PSYoungGen      total 458752K, used 31231K [0x00000000e0000000, 0x0000000100000000, 0x0000000100000000)
  eden space 396288K, 0% used [0x00000000e0000000,0x00000000e0000000,0x00000000f8300000)
  from space 62464K, 49% used [0x00000000fc300000,0x00000000fe17fd48,0x0000000100000000)
  to   space 64000K, 0% used [0x00000000f8300000,0x00000000f8300000,0x00000000fc180000)
 ParOldGen       total 373760K, used 336149K [0x00000000a0000000, 0x00000000b6d00000, 0x00000000e0000000)
  object space 373760K, 89% used [0x00000000a0000000,0x00000000b4845650,0x00000000b6d00000)
 Metaspace       used 108122K, capacity 116086K, committed 116376K, reserved 1150976K
  class space    used 13353K, capacity 14702K, committed 14760K, reserved 1048576K
}
Event: 20034.902 GC heap before
{Heap before GC invocations=154 (full 7):
 PSYoungGen      total 458752K, used 427338K [0x00000000e0000000, 0x0000000100000000, 0x0000000100000000)
  eden space 396288K, 99% used [0x00000000e0000000,0x00000000f82d2e18,0x00000000f8300000)
  from space 62464K, 49% used [0x00000000fc300000,0x00000000fe17fd48,0x0000000100000000)
  to   space 64000K, 0% used [0x00000000f8300000,0x00000000f8300000,0x00000000fc180000)
 ParOldGen       total 373760K, used 336149K [0x00000000a0000000, 0x00000000b6d00000, 0x00000000e0000000)
  object space 373760K, 89% used [0x00000000a0000000,0x00000000b4845650,0x00000000b6d00000)
 Metaspace       used 108137K, capacity 116086K, committed 116376K, reserved 1150976K
  class space    used 13353K, capacity 14702K, committed 14760K, reserved 1048576K
Event: 20034.943 GC heap after
Heap after GC invocations=154 (full 7):
 PSYoungGen      total 434688K, used 37966K [0x00000000e0000000, 0x0000000100000000, 0x0000000100000000)
  eden space 396288K, 0% used [0x00000000e0000000,0x00000000e0000000,0x00000000f8300000)
  from space 38400K, 98% used [0x00000000f8300000,0x00000000fa813a10,0x00000000fa880000)
  to   space 64512K, 0% used [0x00000000fc100000,0x00000000fc100000,0x0000000100000000)
 ParOldGen       total 373760K, used 336149K [0x00000000a0000000, 0x00000000b6d00000, 0x00000000e0000000)
  object space 373760K, 89% used [0x00000000a0000000,0x00000000b4845650,0x00000000b6d00000)
 Metaspace       used 108137K, capacity 116086K, committed 116376K, reserved 1150976K
  class space    used 13353K, capacity 14702K, committed 14760K, reserved 1048576K
}
Event: 20302.408 GC heap before
{Heap before GC invocations=155 (full 7):
 PSYoungGen      total 434688K, used 429166K [0x00000000e0000000, 0x0000000100000000, 0x0000000100000000)
  eden space 396288K, 98% used [0x00000000e0000000,0x00000000f7e07ff0,0x00000000f8300000)
  from space 38400K, 98% used [0x00000000f8300000,0x00000000fa813a10,0x00000000fa880000)
  to   space 64512K, 0% used [0x00000000fc100000,0x00000000fc100000,0x0000000100000000)
 ParOldGen       total 373760K, used 336149K [0x00000000a0000000, 0x00000000b6d00000, 0x00000000e0000000)
  object space 373760K, 89% used [0x00000000a0000000,0x00000000b4845650,0x00000000b6d00000)
 Metaspace       used 108259K, capacity 116248K, committed 116376K, reserved 1150976K
  class space    used 13368K, capacity 14729K, committed 14760K, reserved 1048576K
Event: 20302.503 GC heap after
Heap after GC invocations=155 (full 7):
 PSYoungGen      total 430080K, used 64490K [0x00000000e0000000, 0x0000000100000000, 0x0000000100000000)
  eden space 365568K, 0% used [0x00000000e0000000,0x00000000e0000000,0x00000000f6500000)
  from space 64512K, 99% used [0x00000000fc100000,0x00000000ffffa808,0x0000000100000000)
  to   space 79360K, 0% used [0x00000000f6500000,0x00000000f6500000,0x00000000fb280000)
 ParOldGen       total 373760K, used 350483K [0x00000000a0000000, 0x00000000b6d00000, 0x00000000e0000000)
  object space 373760K, 93% used [0x00000000a0000000,0x00000000b5644df8,0x00000000b6d00000)
 Metaspace       used 108259K, capacity 116248K, committed 116376K, reserved 1150976K
  class space    used 13368K, capacity 14729K, committed 14760K, reserved 1048576K
}
Event: 20306.526 GC heap before
{Heap before GC invocations=156 (full 7):
 PSYoungGen      total 430080K, used 430058K [0x00000000e0000000, 0x0000000100000000, 0x0000000100000000)
  eden space 365568K, 100% used [0x00000000e0000000,0x00000000f6500000,0x00000000f6500000)
  from space 64512K, 99% used [0x00000000fc100000,0x00000000ffffa808,0x0000000100000000)
  to   space 79360K, 0% used [0x00000000f6500000,0x00000000f6500000,0x00000000fb280000)
 ParOldGen       total 373760K, used 350483K [0x00000000a0000000, 0x00000000b6d00000, 0x00000000e0000000)
  object space 373760K, 93% used [0x00000000a0000000,0x00000000b5644df8,0x00000000b6d00000)
 Metaspace       used 108265K, capacity 116312K, committed 116376K, reserved 1150976K
  class space    used 13368K, capacity 14729K, committed 14760K, reserved 1048576K
Event: 20306.644 GC heap after
Heap after GC invocations=156 (full 7):
 PSYoungGen      total 444928K, used 79348K [0x00000000e0000000, 0x0000000100000000, 0x0000000100000000)
  eden space 365568K, 0% used [0x00000000e0000000,0x00000000e0000000,0x00000000f6500000)
  from space 79360K, 99% used [0x00000000f6500000,0x00000000fb27d050,0x00000000fb280000)
  to   space 79360K, 0% used [0x00000000fb280000,0x00000000fb280000,0x0000000100000000)
 ParOldGen       total 402432K, used 402050K [0x00000000a0000000, 0x00000000b8900000, 0x00000000e0000000)
  object space 402432K, 99% used [0x00000000a0000000,0x00000000b88a0bc0,0x00000000b8900000)
 Metaspace       used 108265K, capacity 116312K, committed 116376K, reserved 1150976K
  class space    used 13368K, capacity 14729K, committed 14760K, reserved 1048576K
}
Event: 20306.644 GC heap before
{Heap before GC invocations=157 (full 8):
 PSYoungGen      total 444928K, used 79348K [0x00000000e0000000, 0x0000000100000000, 0x0000000100000000)
  eden space 365568K, 0% used [0x00000000e0000000,0x00000000e0000000,0x00000000f6500000)
  from space 79360K, 99% used [0x00000000f6500000,0x00000000fb27d050,0x00000000fb280000)
  to   space 79360K, 0% used [0x00000000fb280000,0x00000000fb280000,0x0000000100000000)
 ParOldGen       total 402432K, used 402050K [0x00000000a0000000, 0x00000000b8900000, 0x00000000e0000000)
  object space 402432K, 99% used [0x00000000a0000000,0x00000000b88a0bc0,0x00000000b8900000)
 Metaspace       used 108265K, capacity 116312K, committed 116376K, reserved 1150976K
  class space    used 13368K, capacity 14729K, committed 14760K, reserved 1048576K

