# JRE version: OpenJDK Runtime Environment (8.0_152-b01) (build 1.8.0_152-release-1343-b01)
# Java VM: OpenJDK 64-Bit Server VM (25.152-b01 mixed mode windows-amd64 compressed oops)
Heap:
 PSYoungGen      total 429568K, used 396443K [0x00000000e0000000, 0x00000000ffc80000, 0x0000000100000000)
  eden space 338432K, 100% used [0x00000000e0000000,0x00000000f4a80000,0x00000000f4a80000)
  from space 91136K, 63% used [0x00000000f4a80000,0x00000000f8326d80,0x00000000fa380000)
  to   space 91136K, 54% used [0x00000000fa380000,0x00000000fd454d48,0x00000000ffc80000)
 ParOldGen       total 261632K, used 92040K [0x00000000a0000000, 0x00000000aff80000, 0x00000000e0000000)
  object space 261632K, 35% used [0x00000000a0000000,0x00000000a59e2020,0x00000000aff80000)
 Metaspace       used 99567K, capacity 103928K, committed 104088K, reserved 1140736K
  class space    used 12500K, capacity 13358K, committed 13480K, reserved 1048576K
GC Heap History (10 events):
Event: 11170.083 GC heap after
Heap after GC invocations=31 (full 4):
 PSYoungGen      total 427520K, used 72685K [0x00000000e0000000, 0x0000000100000000, 0x0000000100000000)
  eden space 353280K, 0% used [0x00000000e0000000,0x00000000e0000000,0x00000000f5900000)
  from space 74240K, 97% used [0x00000000f5900000,0x00000000f9ffb6e0,0x00000000fa180000)
  to   space 83968K, 0% used [0x00000000fae00000,0x00000000fae00000,0x0000000100000000)
 ParOldGen       total 261632K, used 92024K [0x00000000a0000000, 0x00000000aff80000, 0x00000000e0000000)
  object space 261632K, 35% used [0x00000000a0000000,0x00000000a59de020,0x00000000aff80000)
 Metaspace       used 98537K, capacity 102568K, committed 102680K, reserved 1138688K
  class space    used 12443K, capacity 13258K, committed 13352K, reserved 1048576K
}
Event: 11177.326 GC heap before
{Heap before GC invocations=32 (full 4):
 PSYoungGen      total 427520K, used 425965K [0x00000000e0000000, 0x0000000100000000, 0x0000000100000000)
  eden space 353280K, 100% used [0x00000000e0000000,0x00000000f5900000,0x00000000f5900000)
  from space 74240K, 97% used [0x00000000f5900000,0x00000000f9ffb6e0,0x00000000fa180000)
  to   space 83968K, 0% used [0x00000000fae00000,0x00000000fae00000,0x0000000100000000)
 ParOldGen       total 261632K, used 92024K [0x00000000a0000000, 0x00000000aff80000, 0x00000000e0000000)
  object space 261632K, 35% used [0x00000000a0000000,0x00000000a59de020,0x00000000aff80000)
 Metaspace       used 98631K, capacity 102632K, committed 102936K, reserved 1138688K
  class space    used 12443K, capacity 13258K, committed 13352K, reserved 1048576K
Event: 11177.464 GC heap after
Heap after GC invocations=32 (full 4):
 PSYoungGen      total 419840K, used 80604K [0x00000000e0000000, 0x0000000100000000, 0x0000000100000000)
  eden space 335872K, 0% used [0x00000000e0000000,0x00000000e0000000,0x00000000f4800000)
  from space 83968K, 95% used [0x00000000fae00000,0x00000000ffcb7058,0x0000000100000000)
  to   space 94208K, 0% used [0x00000000f4800000,0x00000000f4800000,0x00000000fa400000)
 ParOldGen       total 261632K, used 92032K [0x00000000a0000000, 0x00000000aff80000, 0x00000000e0000000)
  object space 261632K, 35% used [0x00000000a0000000,0x00000000a59e0020,0x00000000aff80000)
 Metaspace       used 98631K, capacity 102632K, committed 102936K, reserved 1138688K
  class space    used 12443K, capacity 13258K, committed 13352K, reserved 1048576K
}
Event: 11191.074 GC heap before
{Heap before GC invocations=33 (full 4):
 PSYoungGen      total 419840K, used 416476K [0x00000000e0000000, 0x0000000100000000, 0x0000000100000000)
  eden space 335872K, 100% used [0x00000000e0000000,0x00000000f4800000,0x00000000f4800000)
  from space 83968K, 95% used [0x00000000fae00000,0x00000000ffcb7058,0x0000000100000000)
  to   space 94208K, 0% used [0x00000000f4800000,0x00000000f4800000,0x00000000fa400000)
 ParOldGen       total 261632K, used 92032K [0x00000000a0000000, 0x00000000aff80000, 0x00000000e0000000)
  object space 261632K, 35% used [0x00000000a0000000,0x00000000a59e0020,0x00000000aff80000)
 Metaspace       used 98932K, capacity 102984K, committed 103192K, reserved 1138688K
  class space    used 12445K, capacity 13260K, committed 13352K, reserved 1048576K
Event: 11191.166 GC heap after
Heap after GC invocations=33 (full 4):
 PSYoungGen      total 395264K, used 59138K [0x00000000e0000000, 0x0000000100000000, 0x0000000100000000)
  eden space 335872K, 0% used [0x00000000e0000000,0x00000000e0000000,0x00000000f4800000)
  from space 59392K, 99% used [0x00000000f4800000,0x00000000f81c0890,0x00000000f8200000)
  to   space 94720K, 0% used [0x00000000fa380000,0x00000000fa380000,0x0000000100000000)
 ParOldGen       total 261632K, used 92032K [0x00000000a0000000, 0x00000000aff80000, 0x00000000e0000000)
  object space 261632K, 35% used [0x00000000a0000000,0x00000000a59e0020,0x00000000aff80000)
 Metaspace       used 98932K, capacity 102984K, committed 103192K, reserved 1138688K
  class space    used 12445K, capacity 13260K, committed 13352K, reserved 1048576K
}
Event: 11238.874 GC heap before
{Heap before GC invocations=34 (full 4):
 PSYoungGen      total 395264K, used 395010K [0x00000000e0000000, 0x0000000100000000, 0x0000000100000000)
  eden space 335872K, 100% used [0x00000000e0000000,0x00000000f4800000,0x00000000f4800000)
  from space 59392K, 99% used [0x00000000f4800000,0x00000000f81c0890,0x00000000f8200000)
  to   space 94720K, 0% used [0x00000000fa380000,0x00000000fa380000,0x0000000100000000)
 ParOldGen       total 261632K, used 92032K [0x00000000a0000000, 0x00000000aff80000, 0x00000000e0000000)
  object space 261632K, 35% used [0x00000000a0000000,0x00000000a59e0020,0x00000000aff80000)
 Metaspace       used 99236K, capacity 103488K, committed 103704K, reserved 1140736K
  class space    used 12479K, capacity 13322K, committed 13352K, reserved 1048576K
Event: 11238.938 GC heap after
Heap after GC invocations=34 (full 4):
 PSYoungGen      total 433152K, used 48931K [0x00000000e0000000, 0x0000000100000000, 0x0000000100000000)
  eden space 338432K, 0% used [0x00000000e0000000,0x00000000e0000000,0x00000000f4a80000)
  from space 94720K, 51% used [0x00000000fa380000,0x00000000fd348c40,0x0000000100000000)
  to   space 91136K, 0% used [0x00000000f4a80000,0x00000000f4a80000,0x00000000fa380000)
 ParOldGen       total 261632K, used 92032K [0x00000000a0000000, 0x00000000aff80000, 0x00000000e0000000)
  object space 261632K, 35% used [0x00000000a0000000,0x00000000a59e0020,0x00000000aff80000)
 Metaspace       used 99236K, capacity 103488K, committed 103704K, reserved 1140736K
  class space    used 12479K, capacity 13322K, committed 13352K, reserved 1048576K
}
Event: 11243.230 GC heap before
{Heap before GC invocations=35 (full 4):
 PSYoungGen      total 433152K, used 387363K [0x00000000e0000000, 0x0000000100000000, 0x0000000100000000)
  eden space 338432K, 100% used [0x00000000e0000000,0x00000000f4a80000,0x00000000f4a80000)
  from space 94720K, 51% used [0x00000000fa380000,0x00000000fd348c40,0x0000000100000000)
  to   space 91136K, 0% used [0x00000000f4a80000,0x00000000f4a80000,0x00000000fa380000)
 ParOldGen       total 261632K, used 92032K [0x00000000a0000000, 0x00000000aff80000, 0x00000000e0000000)
  object space 261632K, 35% used [0x00000000a0000000,0x00000000a59e0020,0x00000000aff80000)
 Metaspace       used 99403K, capacity 103694K, committed 103960K, reserved 1140736K
  class space    used 12489K, capacity 13341K, committed 13352K, reserved 1048576K
Event: 11243.292 GC heap after
Heap after GC invocations=35 (full 4):
 PSYoungGen      total 429568K, used 58011K [0x00000000e0000000, 0x00000000ffc80000, 0x0000000100000000)
  eden space 338432K, 0% used [0x00000000e0000000,0x00000000e0000000,0x00000000f4a80000)
  from space 91136K, 63% used [0x00000000f4a80000,0x00000000f8326d80,0x00000000fa380000)
  to   space 91136K, 0% used [0x00000000fa380000,0x00000000fa380000,0x00000000ffc80000)
 ParOldGen       total 261632K, used 92032K [0x00000000a0000000, 0x00000000aff80000, 0x00000000e0000000)
  object space 261632K, 35% used [0x00000000a0000000,0x00000000a59e0020,0x00000000aff80000)
 Metaspace       used 99403K, capacity 103694K, committed 103960K, reserved 1140736K
  class space    used 12489K, capacity 13341K, committed 13352K, reserved 1048576K
}
Event: 11759.291 GC heap before
{Heap before GC invocations=36 (full 4):
 PSYoungGen      total 429568K, used 396443K [0x00000000e0000000, 0x00000000ffc80000, 0x0000000100000000)
  eden space 338432K, 100% used [0x00000000e0000000,0x00000000f4a80000,0x00000000f4a80000)
  from space 91136K, 63% used [0x00000000f4a80000,0x00000000f8326d80,0x00000000fa380000)
  to   space 91136K, 0% used [0x00000000fa380000,0x00000000fa380000,0x00000000ffc80000)
 ParOldGen       total 261632K, used 92032K [0x00000000a0000000, 0x00000000aff80000, 0x00000000e0000000)
  object space 261632K, 35% used [0x00000000a0000000,0x00000000a59e0020,0x00000000aff80000)
 Metaspace       used 99567K, capacity 103928K, committed 104088K, reserved 1140736K
  class space    used 12500K, capacity 13358K, committed 13480K, reserved 1048576K

