# JRE version: OpenJDK Runtime Environment (8.0_152-b01) (build 1.8.0_152-release-1343-b01)
# Java VM: OpenJDK 64-Bit Server VM (25.152-b01 mixed mode windows-amd64 compressed oops)
Heap:
 PSYoungGen      total 398848K, used 125434K [0x00000000e0000000, 0x0000000100000000, 0x0000000100000000)
  eden space 273408K, 0% used [0x00000000e0000000,0x00000000e0000000,0x00000000f0b00000)
  from space 125440K, 99% used [0x00000000f0b00000,0x00000000f857ebb0,0x00000000f8580000)
  to   space 125440K, 0% used [0x00000000f8580000,0x00000000f8580000,0x0000000100000000)
 ParOldGen       total 380416K, used 363163K [0x00000000a0000000, 0x00000000b7380000, 0x00000000e0000000)
  object space 380416K, 95% used [0x00000000a0000000,0x00000000b62a6e20,0x00000000b7380000)
 Metaspace       used 153865K, capacity 163766K, committed 164160K, reserved 1191936K
  class space    used 19245K, capacity 20956K, committed 21120K, reserved 1048576K
GC Heap History (10 events):
Event: 14182.292 GC heap after
Heap after GC invocations=108 (full 5):
 PSYoungGen      total 440832K, used 40417K [0x00000000e0000000, 0x0000000100000000, 0x0000000100000000)
  eden space 357376K, 0% used [0x00000000e0000000,0x00000000e0000000,0x00000000f5d00000)
  from space 83456K, 48% used [0x00000000f5d00000,0x00000000f8478758,0x00000000fae80000)
  to   space 81920K, 0% used [0x00000000fb000000,0x00000000fb000000,0x0000000100000000)
 ParOldGen       total 380416K, used 313200K [0x00000000a0000000, 0x00000000b7380000, 0x00000000e0000000)
  object space 380416K, 82% used [0x00000000a0000000,0x00000000b31dc350,0x00000000b7380000)
 Metaspace       used 153836K, capacity 163766K, committed 164160K, reserved 1191936K
  class space    used 19245K, capacity 20956K, committed 21120K, reserved 1048576K
}
Event: 14186.271 GC heap before
{Heap before GC invocations=109 (full 5):
 PSYoungGen      total 440832K, used 397793K [0x00000000e0000000, 0x0000000100000000, 0x0000000100000000)
  eden space 357376K, 100% used [0x00000000e0000000,0x00000000f5d00000,0x00000000f5d00000)
  from space 83456K, 48% used [0x00000000f5d00000,0x00000000f8478758,0x00000000fae80000)
  to   space 81920K, 0% used [0x00000000fb000000,0x00000000fb000000,0x0000000100000000)
 ParOldGen       total 380416K, used 313200K [0x00000000a0000000, 0x00000000b7380000, 0x00000000e0000000)
  object space 380416K, 82% used [0x00000000a0000000,0x00000000b31dc350,0x00000000b7380000)
 Metaspace       used 153853K, capacity 163766K, committed 164160K, reserved 1191936K
  class space    used 19245K, capacity 20956K, committed 21120K, reserved 1048576K
Event: 14186.341 GC heap after
Heap after GC invocations=109 (full 5):
 PSYoungGen      total 427008K, used 65594K [0x00000000e0000000, 0x0000000100000000, 0x0000000100000000)
  eden space 345088K, 0% used [0x00000000e0000000,0x00000000e0000000,0x00000000f5100000)
  from space 81920K, 80% used [0x00000000fb000000,0x00000000ff00e910,0x0000000100000000)
  to   space 89600K, 0% used [0x00000000f5100000,0x00000000f5100000,0x00000000fa880000)
 ParOldGen       total 380416K, used 313200K [0x00000000a0000000, 0x00000000b7380000, 0x00000000e0000000)
  object space 380416K, 82% used [0x00000000a0000000,0x00000000b31dc350,0x00000000b7380000)
 Metaspace       used 153853K, capacity 163766K, committed 164160K, reserved 1191936K
  class space    used 19245K, capacity 20956K, committed 21120K, reserved 1048576K
}
Event: 14189.924 GC heap before
{Heap before GC invocations=110 (full 5):
 PSYoungGen      total 427008K, used 410682K [0x00000000e0000000, 0x0000000100000000, 0x0000000100000000)
  eden space 345088K, 100% used [0x00000000e0000000,0x00000000f5100000,0x00000000f5100000)
  from space 81920K, 80% used [0x00000000fb000000,0x00000000ff00e910,0x0000000100000000)
  to   space 89600K, 0% used [0x00000000f5100000,0x00000000f5100000,0x00000000fa880000)
 ParOldGen       total 380416K, used 313200K [0x00000000a0000000, 0x00000000b7380000, 0x00000000e0000000)
  object space 380416K, 82% used [0x00000000a0000000,0x00000000b31dc350,0x00000000b7380000)
 Metaspace       used 153864K, capacity 163766K, committed 164160K, reserved 1191936K
  class space    used 19245K, capacity 20956K, committed 21120K, reserved 1048576K
Event: 14190.010 GC heap after
Heap after GC invocations=110 (full 5):
 PSYoungGen      total 420864K, used 75696K [0x00000000e0000000, 0x0000000100000000, 0x0000000100000000)
  eden space 345088K, 0% used [0x00000000e0000000,0x00000000e0000000,0x00000000f5100000)
  from space 75776K, 99% used [0x00000000f5100000,0x00000000f9aec278,0x00000000f9b00000)
  to   space 98816K, 0% used [0x00000000f9f80000,0x00000000f9f80000,0x0000000100000000)
 ParOldGen       total 380416K, used 313208K [0x00000000a0000000, 0x00000000b7380000, 0x00000000e0000000)
  object space 380416K, 82% used [0x00000000a0000000,0x00000000b31de350,0x00000000b7380000)
 Metaspace       used 153864K, capacity 163766K, committed 164160K, reserved 1191936K
  class space    used 19245K, capacity 20956K, committed 21120K, reserved 1048576K
}
Event: 14192.166 GC heap before
{Heap before GC invocations=111 (full 5):
 PSYoungGen      total 420864K, used 420784K [0x00000000e0000000, 0x0000000100000000, 0x0000000100000000)
  eden space 345088K, 100% used [0x00000000e0000000,0x00000000f5100000,0x00000000f5100000)
  from space 75776K, 99% used [0x00000000f5100000,0x00000000f9aec278,0x00000000f9b00000)
  to   space 98816K, 0% used [0x00000000f9f80000,0x00000000f9f80000,0x0000000100000000)
 ParOldGen       total 380416K, used 313208K [0x00000000a0000000, 0x00000000b7380000, 0x00000000e0000000)
  object space 380416K, 82% used [0x00000000a0000000,0x00000000b31de350,0x00000000b7380000)
 Metaspace       used 153864K, capacity 163766K, committed 164160K, reserved 1191936K
  class space    used 19245K, capacity 20956K, committed 21120K, reserved 1048576K
Event: 14192.296 GC heap after
Heap after GC invocations=111 (full 5):
 PSYoungGen      total 372224K, used 98810K [0x00000000e0000000, 0x0000000100000000, 0x0000000100000000)
  eden space 273408K, 0% used [0x00000000e0000000,0x00000000e0000000,0x00000000f0b00000)
  from space 98816K, 99% used [0x00000000f9f80000,0x00000000ffffe968,0x0000000100000000)
  to   space 125440K, 0% used [0x00000000f0b00000,0x00000000f0b00000,0x00000000f8580000)
 ParOldGen       total 380416K, used 341694K [0x00000000a0000000, 0x00000000b7380000, 0x00000000e0000000)
  object space 380416K, 89% used [0x00000000a0000000,0x00000000b4dafbf0,0x00000000b7380000)
 Metaspace       used 153864K, capacity 163766K, committed 164160K, reserved 1191936K
  class space    used 19245K, capacity 20956K, committed 21120K, reserved 1048576K
}
Event: 14192.991 GC heap before
{Heap before GC invocations=112 (full 5):
 PSYoungGen      total 372224K, used 372218K [0x00000000e0000000, 0x0000000100000000, 0x0000000100000000)
  eden space 273408K, 100% used [0x00000000e0000000,0x00000000f0b00000,0x00000000f0b00000)
  from space 98816K, 99% used [0x00000000f9f80000,0x00000000ffffe968,0x0000000100000000)
  to   space 125440K, 0% used [0x00000000f0b00000,0x00000000f0b00000,0x00000000f8580000)
 ParOldGen       total 380416K, used 341694K [0x00000000a0000000, 0x00000000b7380000, 0x00000000e0000000)
  object space 380416K, 89% used [0x00000000a0000000,0x00000000b4dafbf0,0x00000000b7380000)
 Metaspace       used 153865K, capacity 163766K, committed 164160K, reserved 1191936K
  class space    used 19245K, capacity 20956K, committed 21120K, reserved 1048576K
Event: 14193.159 GC heap after
Heap after GC invocations=112 (full 5):
 PSYoungGen      total 398848K, used 125434K [0x00000000e0000000, 0x0000000100000000, 0x0000000100000000)
  eden space 273408K, 0% used [0x00000000e0000000,0x00000000e0000000,0x00000000f0b00000)
  from space 125440K, 99% used [0x00000000f0b00000,0x00000000f857ebb0,0x00000000f8580000)
  to   space 125440K, 0% used [0x00000000f8580000,0x00000000f8580000,0x0000000100000000)
 ParOldGen       total 380416K, used 363163K [0x00000000a0000000, 0x00000000b7380000, 0x00000000e0000000)
  object space 380416K, 95% used [0x00000000a0000000,0x00000000b62a6e20,0x00000000b7380000)
 Metaspace       used 153865K, capacity 163766K, committed 164160K, reserved 1191936K
  class space    used 19245K, capacity 20956K, committed 21120K, reserved 1048576K
}
Event: 14193.159 GC heap before
{Heap before GC invocations=113 (full 6):
 PSYoungGen      total 398848K, used 125434K [0x00000000e0000000, 0x0000000100000000, 0x0000000100000000)
  eden space 273408K, 0% used [0x00000000e0000000,0x00000000e0000000,0x00000000f0b00000)
  from space 125440K, 99% used [0x00000000f0b00000,0x00000000f857ebb0,0x00000000f8580000)
  to   space 125440K, 0% used [0x00000000f8580000,0x00000000f8580000,0x0000000100000000)
 ParOldGen       total 380416K, used 363163K [0x00000000a0000000, 0x00000000b7380000, 0x00000000e0000000)
  object space 380416K, 95% used [0x00000000a0000000,0x00000000b62a6e20,0x00000000b7380000)
 Metaspace       used 153865K, capacity 163766K, committed 164160K, reserved 1191936K
  class space    used 19245K, capacity 20956K, committed 21120K, reserved 1048576K

